recorder/build/outputs/logs/manifest-merger-debug-report.txt
-- Merging decision tree log ---
manifest
ADDED from MyApplication2\recorder\AndroidManifest.xml:2:1-26:12
	package
		ADDED from MyApplication2\recorder\AndroidManifest.xml:3:5-30
	android:versionName
		ADDED from MyApplication2\recorder\AndroidManifest.xml:5:5-30
	android:versionCode
		ADDED from MyApplication2\recorder\AndroidManifest.xml:4:5-28
		INJECTED from MyApplication2\recorder\AndroidManifest.xml
		INJECTED from MyApplication2\recorder\AndroidManifest.xml
	xmlns:android
		ADDED from MyApplication2\recorder\AndroidManifest.xml:2:11-69
uses-sdk
ADDED from MyApplication2\recorder\AndroidManifest.xml:7:5-43
	android:minSdkVersion
		ADDED from MyApplication2\recorder\AndroidManifest.xml:7:15-40
application
ADDED from MyApplication2\recorder\AndroidManifest.xml:9:5-21:19
	android:label
		ADDED from MyApplication2\recorder\AndroidManifest.xml:11:9-41
	android:icon
		ADDED from MyApplication2\recorder\AndroidManifest.xml:10:9-45
activity#com.ft.recorder.RecorderActivity
ADDED from MyApplication2\recorder\AndroidManifest.xml:12:9-20:20
	android:label
		ADDED from MyApplication2\recorder\AndroidManifest.xml:14:13-45
	android:name
		ADDED from MyApplication2\recorder\AndroidManifest.xml:13:13-60
intent-filter#android.intent.action.MAIN+android.intent.category.LAUNCHER
ADDED from MyApplication2\recorder\AndroidManifest.xml:15:13-19:29
action#android.intent.action.MAIN
ADDED from MyApplication2\recorder\AndroidManifest.xml:16:17-69
	android:name
		ADDED from MyApplication2\recorder\AndroidManifest.xml:16:25-66
category#android.intent.category.LAUNCHER
ADDED from MyApplication2\recorder\AndroidManifest.xml:18:17-77
	android:name
		ADDED from MyApplication2\recorder\AndroidManifest.xml:18:27-74
uses-permission#android.permission.RECORD_AUDIO
ADDED from MyApplication2\recorder\AndroidManifest.xml:23:5-71
	android:name
		ADDED from MyApplication2\recorder\AndroidManifest.xml:23:22-68
uses-permission#android.permission.WRITE_EXTERNAL_STORAGE
ADDED from MyApplication2\recorder\AndroidManifest.xml:24:5-81
	android:name
		ADDED from MyApplication2\recorder\AndroidManifest.xml:24:22-78
uses-permission#android.permission.INTERNET
ADDED from MyApplication2\recorder\AndroidManifest.xml:25:5-67
	android:name
		ADDED from MyApplication2\recorder\AndroidManifest.xml:25:22-64